[ 1377489ms] [ERROR] WebSocket connection to 'ws://localhost:3000/_next/webpack-hmr?id=VznuSl-bwhVuEMpSPsaAh' failed: Error in connection establishment: net::ERR_CONNECTION_REFUSED @ http://localhost:3000/_next/static/chunks/node_modules_next_dist_client_17643121._.js:10878
[ 1378491ms] [ERROR] WebSocket connection to 'ws://localhost:3000/_next/webpack-hmr?id=VznuSl-bwhVuEMpSPsaAh' failed: Error in connection establishment: net::ERR_CONNECTION_REFUSED @ http://localhost:3000/_next/static/chunks/node_modules_next_dist_client_17643121._.js:10878
[ 1379494ms] [ERROR] WebSocket connection to 'ws://localhost:3000/_next/webpack-hmr?id=VznuSl-bwhVuEMpSPsaAh' failed: Error in connection establishment: net::ERR_CONNECTION_REFUSED @ http://localhost:3000/_next/static/chunks/node_modules_next_dist_client_17643121._.js:10878
[ 1380498ms] [ERROR] WebSocket connection to 'ws://localhost:3000/_next/webpack-hmr?id=VznuSl-bwhVuEMpSPsaAh' failed: Error in connection establishment: net::ERR_CONNECTION_REFUSED @ http://localhost:3000/_next/static/chunks/node_modules_next_dist_client_17643121._.js:10878
[ 1381502ms] [ERROR] WebSocket connection to 'ws://localhost:3000/_next/webpack-hmr?id=VznuSl-bwhVuEMpSPsaAh' failed: Error in connection establishment: net::ERR_CONNECTION_REFUSED @ http://localhost:3000/_next/static/chunks/node_modules_next_dist_client_17643121._.js:10878
[ 1386512ms] [ERROR] WebSocket connection to 'ws://localhost:3000/_next/webpack-hmr?id=VznuSl-bwhVuEMpSPsaAh' failed: Error in connection establishment: net::ERR_CONNECTION_REFUSED @ http://localhost:3000/_next/static/chunks/node_modules_next_dist_client_17643121._.js:10878
[ 1391528ms] [ERROR] WebSocket connection to 'ws://localhost:3000/_next/webpack-hmr?id=VznuSl-bwhVuEMpSPsaAh' failed: Error in connection establishment: net::ERR_CONNECTION_REFUSED @ http://localhost:3000/_next/static/chunks/node_modules_next_dist_client_17643121._.js:10878
[ 1396549ms] [ERROR] WebSocket connection to 'ws://localhost:3000/_next/webpack-hmr?id=VznuSl-bwhVuEMpSPsaAh' failed: Error in connection establishment: net::ERR_CONNECTION_REFUSED @ http://localhost:3000/_next/static/chunks/node_modules_next_dist_client_17643121._.js:10878
[ 1401586ms] [ERROR] WebSocket connection to 'ws://localhost:3000/_next/webpack-hmr?id=VznuSl-bwhVuEMpSPsaAh' failed: Error in connection establishment: net::ERR_CONNECTION_REFUSED @ http://localhost:3000/_next/static/chunks/node_modules_next_dist_client_17643121._.js:10878
[ 1406662ms] [ERROR] WebSocket connection to 'ws://localhost:3000/_next/webpack-hmr?id=VznuSl-bwhVuEMpSPsaAh' failed: Error in connection establishment: net::ERR_CONNECTION_REFUSED @ http://localhost:3000/_next/static/chunks/node_modules_next_dist_client_17643121._.js:10878
[ 1411717ms] [ERROR] WebSocket connection to 'ws://localhost:3000/_next/webpack-hmr?id=VznuSl-bwhVuEMpSPsaAh' failed: Error in connection establishment: net::ERR_CONNECTION_REFUSED @ http://localhost:3000/_next/static/chunks/node_modules_next_dist_client_17643121._.js:10878
[ 1771992ms] [ERROR] ./package.json:1:1
Error parsing package.json file
package.json is not parseable: invalid JSON: EOF while parsing a value at line 1 column 0 @ http://localhost:3000/_next/static/chunks/node_modules_next_dist_f3530cac._.js:3127
[ 1772677ms] [ERROR] Failed to load resource: the server responded with a status of 500 (Internal Server Error) @ http://localhost:3000/bingo-sheets/new?_rsc=cq8vm:0
[ 2756946ms] [ERROR] WebSocket connection to 'ws://localhost:3000/_next/webpack-hmr?id=la3_MaIyQ0gXJD09xSuP5' failed: Error in connection establishment: net::ERR_CONNECTION_REFUSED @ http://localhost:3000/_next/static/chunks/node_modules_next_dist_client_17643121._.js:10878
[ 2757949ms] [ERROR] WebSocket connection to 'ws://localhost:3000/_next/webpack-hmr?id=la3_MaIyQ0gXJD09xSuP5' failed: Error in connection establishment: net::ERR_CONNECTION_REFUSED @ http://localhost:3000/_next/static/chunks/node_modules_next_dist_client_17643121._.js:10878
[ 2758953ms] [ERROR] WebSocket connection to 'ws://localhost:3000/_next/webpack-hmr?id=la3_MaIyQ0gXJD09xSuP5' failed: Error in connection establishment: net::ERR_CONNECTION_REFUSED @ http://localhost:3000/_next/static/chunks/node_modules_next_dist_client_17643121._.js:10878
[ 2759957ms] [ERROR] WebSocket connection to 'ws://localhost:3000/_next/webpack-hmr?id=la3_MaIyQ0gXJD09xSuP5' failed: Error in connection establishment: net::ERR_CONNECTION_REFUSED @ http://localhost:3000/_next/static/chunks/node_modules_next_dist_client_17643121._.js:10878
[ 2760964ms] [ERROR] WebSocket connection to 'ws://localhost:3000/_next/webpack-hmr?id=la3_MaIyQ0gXJD09xSuP5' failed: Error in connection establishment: net::ERR_CONNECTION_REFUSED @ http://localhost:3000/_next/static/chunks/node_modules_next_dist_client_17643121._.js:10878
